SF:lib\provider\user_detailed_register_provider.dart
DA:7,6
DA:9,2
DA:10,2
DA:11,4
DA:12,2
DA:19,1
DA:20,2
DA:21,2
DA:22,1
LF:9
LH:9
end_of_record
SF:lib\consts\user_details_const.dart
DA:4,9
DA:5,3
DA:6,3
DA:7,3
DA:8,3
DA:10,3
DA:11,3
DA:12,3
DA:13,3
DA:16,3
DA:17,3
DA:21,3
DA:22,3
DA:23,3
DA:24,3
DA:26,3
DA:27,3
DA:28,3
DA:29,3
DA:32,3
DA:33,3
DA:37,3
DA:40,6
DA:46,12
DA:54,6
DA:75,9
DA:102,6
DA:124,3
DA:134,6
LF:29
LH:29
end_of_record
SF:lib\model\list_model.dart
DA:10,3
LF:1
LH:1
end_of_record
SF:lib\custom_class\drawer_custom.dart
DA:12,22
DA:14,5
DA:16,10
DA:17,10
DA:18,5
DA:19,5
DA:21,5
DA:22,5
DA:23,5
DA:26,5
DA:28,5
DA:29,5
DA:32,5
DA:39,5
DA:40,10
DA:46,5
DA:47,10
DA:56,5
DA:60,1
DA:61,1
DA:62,4
DA:65,5
DA:69,0
DA:70,0
DA:71,0
DA:74,5
DA:78,1
DA:79,1
DA:81,1
DA:82,3
DA:85,5
DA:89,1
DA:90,1
DA:91,4
DA:94,5
DA:98,1
DA:99,1
DA:100,4
LF:38
LH:35
end_of_record
SF:lib\screens\card_page.dart
DA:12,2
DA:14,1
DA:16,2
DA:17,2
DA:19,1
DA:20,1
DA:21,1
DA:23,1
DA:24,1
DA:25,0
DA:26,0
DA:38,2
DA:39,1
DA:40,1
DA:42,1
DA:45,1
DA:55,1
DA:57,1
DA:59,1
DA:62,1
DA:65,1
DA:66,1
DA:67,1
DA:69,1
DA:75,0
DA:78,1
DA:80,1
DA:82,1
DA:85,1
DA:88,1
DA:89,1
DA:90,1
DA:92,1
DA:98,0
DA:101,1
DA:103,1
DA:105,1
DA:108,1
DA:110,1
DA:111,1
DA:112,1
DA:118,1
DA:119,1
DA:120,1
DA:122,1
DA:130,0
DA:133,2
DA:134,1
DA:135,2
DA:136,1
DA:137,1
DA:138,2
DA:146,1
DA:147,1
DA:153,1
DA:154,1
DA:155,1
DA:157,1
DA:165,0
DA:168,3
DA:169,1
DA:172,1
DA:173,1
DA:179,1
DA:180,1
DA:186,1
DA:187,1
DA:188,1
DA:190,1
DA:197,0
DA:200,2
DA:201,2
DA:202,1
DA:203,2
DA:204,3
DA:212,1
DA:214,1
DA:216,1
DA:219,1
DA:222,1
DA:223,1
DA:224,1
DA:226,1
DA:233,0
DA:238,1
DA:240,1
DA:242,1
DA:245,1
DA:246,1
DA:247,1
DA:249,1
DA:253,1
DA:254,1
DA:255,1
DA:257,1
DA:260,0
DA:261,3
DA:262,1
DA:264,1
DA:266,1
DA:271,1
DA:273,1
DA:276,1
DA:277,1
DA:278,1
DA:280,1
DA:291,1
DA:293,1
DA:312,1
DA:314,1
DA:333,1
DA:335,1
DA:336,1
DA:337,0
DA:338,1
LF:115
LH:105
end_of_record
SF:lib\screens\Exchange_page.dart
DA:8,4
DA:10,2
DA:12,4
DA:13,4
DA:15,2
DA:16,2
DA:17,2
DA:19,2
DA:20,2
DA:21,1
DA:22,1
DA:35,4
DA:36,2
DA:37,2
DA:38,2
DA:39,2
DA:41,2
DA:43,2
DA:44,2
DA:52,2
DA:55,2
DA:56,2
DA:57,2
DA:59,4
DA:60,2
DA:66,2
DA:68,6
DA:69,2
DA:78,2
DA:91,2
DA:94,2
DA:95,2
DA:96,2
DA:98,2
DA:101,2
DA:102,2
DA:103,2
DA:106,2
DA:110,2
DA:112,2
DA:117,0
DA:118,6
DA:119,2
DA:121,2
DA:123,2
DA:127,2
DA:129,2
DA:130,2
DA:131,2
DA:132,2
DA:135,2
DA:137,2
DA:141,2
DA:144,2
DA:153,4
DA:154,2
DA:157,2
DA:158,2
DA:159,2
DA:161,2
DA:164,2
DA:165,2
DA:166,2
DA:169,2
DA:173,2
DA:174,2
DA:178,0
DA:179,6
DA:180,2
DA:182,2
DA:184,2
DA:188,2
DA:190,2
DA:191,2
DA:192,2
DA:193,2
DA:196,2
DA:198,2
DA:202,2
DA:205,2
DA:214,2
DA:216,2
DA:218,2
DA:225,4
DA:226,2
DA:227,2
DA:228,2
DA:229,2
DA:234,2
DA:236,2
DA:237,2
DA:239,1
DA:240,2
DA:243,2
DA:244,4
LF:95
LH:93
end_of_record
SF:lib\screens\account_page.dart
DA:12,4
DA:14,2
DA:16,4
DA:17,4
DA:19,2
DA:20,2
DA:21,2
DA:23,2
DA:24,2
DA:25,1
DA:26,1
DA:39,4
DA:40,2
DA:41,2
DA:43,2
DA:46,2
DA:47,2
DA:48,2
DA:54,2
DA:56,2
DA:58,2
DA:61,2
DA:64,2
DA:65,2
DA:66,2
DA:68,2
DA:77,2
DA:79,2
DA:81,2
DA:84,2
DA:87,2
DA:88,2
DA:89,2
DA:91,2
DA:101,2
DA:103,2
DA:105,2
DA:108,2
DA:111,2
DA:112,2
DA:113,2
DA:115,2
DA:125,2
DA:127,2
DA:129,2
DA:132,2
DA:135,2
DA:136,2
DA:137,2
DA:139,2
DA:146,1
DA:149,2
DA:151,2
DA:153,2
DA:156,2
DA:159,2
DA:160,2
DA:161,2
DA:163,2
DA:170,1
DA:175,2
DA:177,2
DA:179,2
DA:182,2
DA:187,6
DA:188,2
DA:189,2
DA:190,2
DA:192,2
DA:203,2
DA:205,2
DA:225,2
DA:227,2
DA:228,2
DA:229,1
DA:230,2
LF:76
LH:76
end_of_record
SF:lib\screens\payment_page.dart
DA:13,4
DA:15,2
DA:16,2
DA:24,2
DA:26,4
DA:27,4
DA:29,2
DA:30,2
DA:31,2
DA:32,4
DA:33,2
DA:36,6
DA:37,2
DA:44,2
DA:47,2
DA:52,4
DA:53,2
DA:55,2
DA:56,2
DA:57,1
DA:58,3
DA:68,2
DA:69,1
DA:70,1
DA:89,2
DA:90,2
DA:99,2
DA:102,2
DA:103,2
DA:105,2
DA:107,2
DA:123,2
DA:125,2
DA:127,2
DA:133,4
DA:135,2
DA:136,2
DA:137,2
DA:138,2
DA:140,10
DA:141,2
DA:142,4
DA:147,2
DA:149,2
DA:150,4
DA:160,2
DA:161,1
DA:162,2
DA:163,2
DA:166,2
DA:168,2
DA:170,2
DA:171,2
DA:172,2
DA:178,6
LF:55
LH:55
end_of_record
SF:lib\sqlite\user_model.dart
DA:8,11
DA:15,0
DA:16,0
DA:17,0
DA:18,0
DA:19,0
DA:20,0
DA:21,0
DA:25,0
DA:26,0
DA:27,0
DA:28,0
DA:29,0
DA:30,0
LF:14
LH:1
end_of_record
SF:lib\transaction\transaction.dart
DA:10,4
DA:13,2
DA:15,4
DA:16,4
DA:18,2
DA:19,2
DA:20,2
DA:21,4
DA:22,2
DA:25,6
DA:26,2
DA:33,2
DA:36,2
DA:41,4
DA:42,2
DA:44,2
DA:45,2
DA:46,1
DA:47,3
DA:57,2
DA:58,1
DA:59,1
DA:85,2
DA:88,6
DA:102,2
DA:104,2
DA:105,4
DA:109,2
DA:110,4
DA:131,2
DA:133,2
DA:135,2
DA:136,2
DA:137,2
DA:138,2
DA:144,2
DA:146,1
DA:147,1
DA:149,1
DA:150,3
DA:152,2
DA:154,2
DA:161,4
LF:43
LH:43
end_of_record
SF:lib\transaction\transaction_page.dart
DA:10,4
DA:12,2
DA:13,2
DA:26,2
DA:28,4
DA:29,4
DA:31,2
DA:32,2
DA:33,2
DA:35,2
DA:36,2
DA:37,2
DA:38,2
DA:51,6
DA:52,2
DA:53,2
DA:55,2
DA:58,2
DA:59,2
DA:60,2
DA:61,2
DA:65,2
DA:66,2
DA:68,2
DA:69,2
DA:72,2
DA:79,2
DA:81,2
DA:82,2
DA:83,2
DA:85,4
DA:86,2
DA:92,2
DA:94,6
DA:95,2
DA:106,2
DA:108,2
DA:110,2
DA:113,2
DA:116,2
DA:117,2
DA:118,2
DA:120,2
DA:126,0
DA:127,0
DA:128,0
DA:129,0
DA:134,2
DA:136,2
DA:138,2
DA:141,2
DA:142,2
DA:143,2
DA:144,2
DA:145,2
DA:146,2
DA:149,2
DA:151,0
DA:152,0
DA:161,0
DA:162,0
DA:163,0
DA:166,6
DA:167,2
DA:169,2
DA:171,2
DA:175,2
DA:177,2
DA:179,2
DA:182,2
DA:183,2
DA:184,2
DA:186,2
DA:188,2
DA:189,2
DA:190,2
DA:193,2
DA:197,2
DA:199,2
DA:201,0
DA:202,6
DA:203,2
DA:205,2
DA:207,2
DA:212,2
DA:214,2
DA:215,2
DA:216,2
DA:217,2
DA:220,2
DA:230,0
DA:231,0
DA:232,0
DA:233,0
DA:241,2
DA:243,2
DA:245,2
DA:248,2
DA:251,2
DA:252,2
DA:253,2
DA:255,2
DA:264,2
DA:266,2
DA:268,2
DA:269,2
DA:271,1
DA:274,4
DA:275,2
DA:276,1
DA:278,1
DA:281,0
DA:282,0
DA:285,0
DA:286,0
DA:288,0
DA:290,0
DA:292,0
DA:293,0
DA:294,0
DA:298,2
DA:314,2
DA:316,2
DA:318,2
DA:319,1
DA:320,1
DA:322,2
DA:324,2
DA:326,2
DA:333,8
DA:334,1
DA:335,1
DA:336,1
DA:337,2
DA:338,1
DA:339,1
DA:343,2
DA:344,1
DA:345,1
LF:139
LH:116
end_of_record
SF:lib\transaction\transaction_progress.dart
DA:8,2
DA:10,1
DA:11,1
DA:22,1
DA:24,2
DA:25,2
DA:27,1
DA:28,1
DA:29,1
DA:30,2
DA:31,1
DA:37,3
DA:38,1
DA:45,1
DA:48,1
DA:53,2
DA:54,1
DA:56,1
DA:57,1
DA:58,1
DA:59,3
DA:69,1
DA:70,1
DA:71,1
DA:90,1
DA:92,1
DA:94,1
DA:95,1
DA:96,1
DA:97,2
DA:98,1
DA:101,1
DA:104,1
DA:114,1
DA:122,1
DA:123,1
DA:124,2
DA:125,1
DA:128,1
DA:131,1
DA:141,1
DA:152,1
DA:153,1
DA:155,1
DA:158,1
DA:160,1
DA:161,5
DA:162,3
DA:163,1
DA:164,1
DA:166,5
DA:168,4
DA:169,4
DA:170,4
DA:178,1
DA:180,1
DA:183,2
DA:185,1
DA:186,1
DA:187,1
DA:189,2
DA:191,4
DA:192,4
DA:193,1
DA:195,4
DA:201,1
DA:202,1
DA:204,1
DA:207,1
DA:208,1
DA:209,1
DA:210,2
DA:211,0
DA:212,0
DA:219,6
DA:220,1
DA:221,1
DA:222,1
DA:223,2
DA:224,1
DA:227,1
DA:231,2
DA:232,1
DA:233,1
DA:234,1
DA:235,2
DA:240,1
DA:241,1
DA:242,2
DA:243,5
DA:244,2
DA:245,2
DA:257,3
LF:93
LH:91
end_of_record
SF:lib\custom_class\text_field_custom.dart
DA:13,2
DA:25,2
DA:27,4
DA:28,4
DA:30,2
DA:32,2
DA:33,2
DA:34,2
DA:35,2
DA:36,2
DA:37,2
DA:38,2
DA:39,2
DA:40,2
DA:41,2
DA:42,2
DA:44,2
DA:45,2
DA:47,2
DA:48,2
DA:50,2
DA:53,2
DA:54,2
DA:55,2
LF:24
LH:24
end_of_record
SF:lib\log_in\login_screen.dart
DA:10,4
DA:15,0
DA:17,0
DA:18,0
DA:20,0
DA:22,0
DA:24,0
DA:25,0
DA:29,0
DA:30,0
DA:31,0
DA:32,0
DA:34,0
DA:44,0
DA:46,0
DA:48,0
DA:54,0
DA:55,0
DA:57,0
DA:59,0
DA:67,0
DA:68,0
DA:69,0
DA:71,0
DA:73,0
DA:74,0
DA:76,0
DA:78,0
DA:81,0
DA:89,0
DA:98,0
DA:99,0
DA:100,0
DA:101,0
DA:105,0
DA:106,0
DA:107,0
DA:108,0
DA:111,0
DA:115,0
DA:125,2
DA:127,4
DA:128,4
DA:129,4
DA:130,2
DA:131,2
DA:132,4
DA:133,2
DA:136,6
DA:137,2
DA:144,2
DA:147,2
DA:154,2
DA:178,2
DA:180,2
DA:183,2
DA:184,2
DA:186,2
DA:188,1
DA:191,2
DA:192,2
DA:193,2
DA:194,2
DA:196,2
DA:199,2
DA:207,2
DA:208,2
DA:209,2
DA:211,2
DA:213,2
DA:214,2
DA:217,1
DA:218,2
DA:219,2
DA:220,2
DA:221,2
DA:223,2
DA:226,2
DA:232,2
DA:233,2
DA:234,2
DA:238,1
DA:239,1
DA:240,1
DA:248,2
DA:250,0
DA:254,0
DA:255,0
DA:257,0
DA:259,2
DA:271,2
DA:273,0
DA:274,0
DA:276,2
DA:277,2
DA:278,2
DA:279,2
DA:285,2
DA:287,2
DA:295,2
DA:297,2
DA:305,2
DA:306,2
DA:307,2
DA:308,2
DA:313,2
DA:315,1
DA:316,1
DA:318,1
DA:321,1
DA:322,1
DA:323,1
DA:326,1
DA:327,1
DA:333,2
DA:335,2
LF:116
LH:71
end_of_record
SF:lib\screens\home_page.dart
DA:14,4
DA:16,2
DA:17,2
DA:25,2
DA:27,4
DA:28,4
DA:30,2
DA:31,2
DA:32,2
DA:33,2
DA:36,2
DA:37,2
DA:40,6
DA:41,2
DA:48,2
DA:51,2
DA:55,2
DA:57,2
DA:58,2
DA:60,2
DA:61,2
DA:62,1
DA:63,3
DA:76,2
DA:79,2
DA:84,2
DA:86,8
DA:91,8
DA:97,2
DA:101,2
DA:102,2
DA:111,2
DA:113,2
DA:114,2
DA:116,2
DA:118,2
DA:120,2
DA:121,2
DA:126,2
DA:127,1
DA:128,6
DA:130,2
DA:145,2
DA:149,2
DA:151,2
DA:157,2
DA:159,2
DA:163,4
DA:165,2
DA:166,2
DA:167,2
DA:171,8
DA:172,8
DA:173,2
DA:175,8
DA:181,2
DA:182,1
DA:183,2
DA:184,2
DA:187,2
DA:189,2
DA:191,2
DA:192,2
DA:205,6
LF:64
LH:64
end_of_record
SF:lib\log_in\register_page.dart
DA:10,4
DA:17,1
DA:19,1
DA:20,1
DA:23,0
DA:24,0
DA:26,0
DA:31,0
DA:32,0
DA:34,0
DA:35,0
DA:38,0
DA:39,0
DA:40,0
DA:41,0
DA:42,0
DA:46,0
DA:47,0
DA:48,0
DA:58,0
DA:59,0
DA:61,0
DA:63,0
DA:64,0
DA:65,0
DA:68,0
DA:69,0
DA:76,2
DA:78,4
DA:79,4
DA:80,4
DA:81,2
DA:82,2
DA:83,4
DA:84,2
DA:87,6
DA:88,2
DA:95,2
DA:98,2
DA:105,4
DA:106,2
DA:134,2
DA:136,2
DA:137,2
DA:139,2
DA:142,2
DA:143,2
DA:145,2
DA:147,0
DA:148,1
DA:149,1
DA:157,2
DA:159,2
DA:161,0
DA:162,1
DA:163,1
DA:171,2
DA:173,2
DA:174,1
DA:176,1
DA:177,1
DA:179,1
DA:187,2
DA:188,2
DA:189,2
DA:191,2
DA:192,2
DA:193,1
DA:195,1
DA:196,1
DA:198,1
DA:199,0
DA:207,2
DA:208,2
DA:209,2
DA:213,1
DA:214,1
DA:215,1
DA:220,2
DA:222,2
DA:224,2
DA:226,2
DA:230,2
DA:231,2
DA:232,2
DA:233,2
DA:234,1
DA:235,1
DA:237,2
DA:238,2
DA:241,2
DA:262,2
DA:264,2
DA:266,2
DA:267,2
DA:268,2
DA:269,2
DA:271,1
DA:272,1
DA:273,4
DA:274,0
DA:275,0
DA:276,0
DA:277,0
DA:279,0
DA:287,0
DA:288,0
DA:291,0
DA:293,0
DA:294,0
DA:297,0
DA:298,0
DA:300,0
DA:302,0
DA:304,0
DA:308,0
DA:311,2
DA:315,2
DA:331,2
DA:332,2
DA:334,2
DA:337,1
DA:338,1
DA:340,2
DA:342,2
DA:344,2
DA:350,2
DA:352,2
DA:360,2
DA:361,2
DA:362,2
DA:363,2
DA:368,2
DA:370,1
DA:371,1
DA:373,1
DA:377,1
DA:378,1
DA:379,1
DA:382,1
DA:383,1
DA:389,2
DA:391,2
LF:143
LH:101
end_of_record
SF:lib\sqlite\helper.dart
DA:6,0
DA:8,0
DA:13,0
DA:15,0
DA:19,0
DA:23,0
DA:24,0
DA:25,0
DA:26,0
DA:29,0
DA:30,0
DA:41,0
DA:42,0
DA:43,0
DA:47,0
DA:48,0
DA:49,0
DA:52,0
DA:55,0
DA:56,0
DA:63,0
DA:64,0
DA:65,0
DA:67,0
DA:69,0
LF:25
LH:0
end_of_record
SF:lib\transfer_page\transfer.dart
DA:8,4
DA:16,2
DA:18,4
DA:19,4
DA:21,2
DA:22,2
DA:23,2
DA:25,2
DA:26,2
DA:27,1
DA:28,1
DA:40,4
DA:42,2
DA:43,2
DA:45,2
DA:46,2
DA:48,2
DA:51,2
DA:52,2
DA:53,2
DA:59,2
DA:61,2
DA:63,2
DA:66,2
DA:68,2
DA:69,2
DA:70,2
DA:71,2
DA:72,2
DA:73,2
DA:76,2
DA:77,2
DA:80,2
DA:81,2
DA:84,2
DA:91,1
DA:92,1
DA:98,2
DA:100,2
DA:102,2
DA:105,2
DA:107,2
DA:108,2
DA:109,2
DA:110,2
DA:111,2
DA:112,2
DA:115,2
DA:116,2
DA:119,2
DA:120,2
DA:123,2
DA:130,1
DA:131,1
DA:137,2
DA:139,2
DA:141,2
DA:144,2
DA:146,2
DA:147,2
DA:148,2
DA:149,2
DA:150,2
DA:151,2
DA:154,2
DA:155,2
DA:158,2
DA:159,2
DA:162,2
DA:169,1
DA:170,1
DA:176,2
DA:178,2
DA:179,2
DA:181,1
DA:182,4
DA:183,0
DA:184,0
DA:185,0
DA:187,0
DA:189,0
DA:190,0
DA:198,2
LF:83
LH:77
end_of_record
SF:lib\transfer_page\success_page.dart
DA:11,1
DA:16,1
DA:18,1
DA:21,2
DA:22,2
DA:24,1
DA:25,1
DA:26,1
DA:28,1
DA:34,1
DA:36,1
DA:38,1
DA:44,2
DA:45,1
DA:47,2
DA:48,1
DA:50,3
DA:51,1
DA:53,1
DA:55,1
DA:57,1
DA:61,6
DA:63,1
LF:23
LH:23
end_of_record
